ARM GAS  C:\Users\jdrd3\AppData\Local\Temp\cceupwv2.s 			page 1


   1              		.syntax unified
   2              		.cpu cortex-m3
   3              		.fpu softvfp
   4              		.eabi_attribute 20, 1
   5              		.eabi_attribute 21, 1
   6              		.eabi_attribute 23, 3
   7              		.eabi_attribute 24, 1
   8              		.eabi_attribute 25, 1
   9              		.eabi_attribute 26, 1
  10              		.eabi_attribute 30, 1
  11              		.eabi_attribute 34, 1
  12              		.eabi_attribute 18, 4
  13              		.thumb
  14              		.syntax unified
  15              		.file	"cymetadata.c"
  16              		.text
  17              	.Ltext0:
  18              		.cfi_sections	.debug_frame
  19              		.global	cy_metadata
  20              		.global	cy_meta_flashprotect
  21              		.global	cy_meta_wonvl
  22              		.global	cy_meta_custnvl
  23              		.global	cy_meta_configecc
  24              		.section	.cyconfigecc,"a",%progbits
  25              		.align	2
  26              		.type	cy_meta_configecc, %object
  27              		.size	cy_meta_configecc, 556
  28              	cy_meta_configecc:
  29 0000 02       		.byte	2
  30 0001 45       		.byte	69
  31 0002 00       		.byte	0
  32 0003 40       		.byte	64
  33 0004 01       		.byte	1
  34 0005 4F       		.byte	79
  35 0006 00       		.byte	0
  36 0007 40       		.byte	64
  37 0008 02       		.byte	2
  38 0009 52       		.byte	82
  39 000a 00       		.byte	0
  40 000b 40       		.byte	64
  41 000c 02       		.byte	2
  42 000d 64       		.byte	100
  43 000e 00       		.byte	0
  44 000f 40       		.byte	64
  45 0010 01       		.byte	1
  46 0011 05       		.byte	5
  47 0012 01       		.byte	1
  48 0013 40       		.byte	64
  49 0014 01       		.byte	1
  50 0015 07       		.byte	7
  51 0016 01       		.byte	1
  52 0017 40       		.byte	64
  53 0018 01       		.byte	1
  54 0019 09       		.byte	9
  55 001a 01       		.byte	1
  56 001b 40       		.byte	64
  57 001c 05       		.byte	5
ARM GAS  C:\Users\jdrd3\AppData\Local\Temp\cceupwv2.s 			page 2


  58 001d 0B       		.byte	11
  59 001e 01       		.byte	1
  60 001f 40       		.byte	64
  61 0020 32       		.byte	50
  62 0021 0C       		.byte	12
  63 0022 01       		.byte	1
  64 0023 40       		.byte	64
  65 0024 1C       		.byte	28
  66 0025 0D       		.byte	13
  67 0026 01       		.byte	1
  68 0027 40       		.byte	64
  69 0028 30       		.byte	48
  70 0029 0E       		.byte	14
  71 002a 01       		.byte	1
  72 002b 40       		.byte	64
  73 002c 1F       		.byte	31
  74 002d 0F       		.byte	15
  75 002e 01       		.byte	1
  76 002f 40       		.byte	64
  77 0030 03       		.byte	3
  78 0031 40       		.byte	64
  79 0032 01       		.byte	1
  80 0033 40       		.byte	64
  81 0034 05       		.byte	5
  82 0035 41       		.byte	65
  83 0036 01       		.byte	1
  84 0037 40       		.byte	64
  85 0038 04       		.byte	4
  86 0039 42       		.byte	66
  87 003a 01       		.byte	1
  88 003b 40       		.byte	64
  89 003c 04       		.byte	4
  90 003d 43       		.byte	67
  91 003e 01       		.byte	1
  92 003f 40       		.byte	64
  93 0040 03       		.byte	3
  94 0041 44       		.byte	68
  95 0042 01       		.byte	1
  96 0043 40       		.byte	64
  97 0044 0C       		.byte	12
  98 0045 45       		.byte	69
  99 0046 01       		.byte	1
 100 0047 40       		.byte	64
 101 0048 06       		.byte	6
 102 0049 46       		.byte	70
 103 004a 01       		.byte	1
 104 004b 40       		.byte	64
 105 004c 02       		.byte	2
 106 004d 47       		.byte	71
 107 004e 01       		.byte	1
 108 004f 40       		.byte	64
 109 0050 02       		.byte	2
 110 0051 50       		.byte	80
 111 0052 01       		.byte	1
 112 0053 40       		.byte	64
 113 0054 01       		.byte	1
 114 0055 51       		.byte	81
ARM GAS  C:\Users\jdrd3\AppData\Local\Temp\cceupwv2.s 			page 3


 115 0056 01       		.byte	1
 116 0057 40       		.byte	64
 117 0058 06       		.byte	6
 118 0059 03       		.byte	3
 119 005a 07       		.byte	7
 120 005b 03       		.byte	3
 121 005c 0A       		.byte	10
 122 005d 4B       		.byte	75
 123 005e 10       		.byte	16
 124 005f 5A       		.byte	90
 125 0060 11       		.byte	17
 126 0061 49       		.byte	73
 127 0062 8D       		.byte	-115
 128 0063 0F       		.byte	15
 129 0064 8E       		.byte	-114
 130 0065 0F       		.byte	15
 131 0066 EE       		.byte	-18
 132 0067 40       		.byte	64
 133 0068 EA       		.byte	-22
 134 0069 20       		.byte	32
 135 006a EA       		.byte	-22
 136 006b 20       		.byte	32
 137 006c AB       		.byte	-85
 138 006d 40       		.byte	64
 139 006e B3       		.byte	-77
 140 006f 20       		.byte	32
 141 0070 B7       		.byte	-73
 142 0071 02       		.byte	2
 143 0072 E8       		.byte	-24
 144 0073 04       		.byte	4
 145 0074 EE       		.byte	-18
 146 0075 40       		.byte	64
 147 0076 5B       		.byte	91
 148 0077 04       		.byte	4
 149 0078 5F       		.byte	95
 150 0079 01       		.byte	1
 151 007a 8D       		.byte	-115
 152 007b 08       		.byte	8
 153 007c 8E       		.byte	-114
 154 007d 0D       		.byte	13
 155 007e 92       		.byte	-110
 156 007f 02       		.byte	2
 157 0080 95       		.byte	-107
 158 0081 02       		.byte	2
 159 0082 9B       		.byte	-101
 160 0083 03       		.byte	3
 161 0084 9F       		.byte	-97
 162 0085 0C       		.byte	12
 163 0086 A2       		.byte	-94
 164 0087 08       		.byte	8
 165 0088 A6       		.byte	-90
 166 0089 04       		.byte	4
 167 008a AE       		.byte	-82
 168 008b 01       		.byte	1
 169 008c B0       		.byte	-80
 170 008d 02       		.byte	2
 171 008e B1       		.byte	-79
ARM GAS  C:\Users\jdrd3\AppData\Local\Temp\cceupwv2.s 			page 4


 172 008f 04       		.byte	4
 173 0090 B2       		.byte	-78
 174 0091 01       		.byte	1
 175 0092 B3       		.byte	-77
 176 0093 01       		.byte	1
 177 0094 B4       		.byte	-76
 178 0095 04       		.byte	4
 179 0096 B5       		.byte	-75
 180 0097 08       		.byte	8
 181 0098 B6       		.byte	-74
 182 0099 08       		.byte	8
 183 009a B7       		.byte	-73
 184 009b 02       		.byte	2
 185 009c BE       		.byte	-66
 186 009d 04       		.byte	4
 187 009e C0       		.byte	-64
 188 009f 40       		.byte	64
 189 00a0 C1       		.byte	-63
 190 00a1 05       		.byte	5
 191 00a2 C5       		.byte	-59
 192 00a3 D1       		.byte	-47
 193 00a4 C6       		.byte	-58
 194 00a5 05       		.byte	5
 195 00a6 C7       		.byte	-57
 196 00a7 20       		.byte	32
 197 00a8 C8       		.byte	-56
 198 00a9 27       		.byte	39
 199 00aa C9       		.byte	-55
 200 00ab FF       		.byte	-1
 201 00ac CA       		.byte	-54
 202 00ad FF       		.byte	-1
 203 00ae CB       		.byte	-53
 204 00af FF       		.byte	-1
 205 00b0 CD       		.byte	-51
 206 00b1 A0       		.byte	-96
 207 00b2 CF       		.byte	-49
 208 00b3 04       		.byte	4
 209 00b4 D0       		.byte	-48
 210 00b5 18       		.byte	24
 211 00b6 D2       		.byte	-46
 212 00b7 80       		.byte	-128
 213 00b8 D4       		.byte	-44
 214 00b9 07       		.byte	7
 215 00ba D8       		.byte	-40
 216 00bb 04       		.byte	4
 217 00bc D9       		.byte	-39
 218 00bd 04       		.byte	4
 219 00be DA       		.byte	-38
 220 00bf 04       		.byte	4
 221 00c0 DB       		.byte	-37
 222 00c1 04       		.byte	4
 223 00c2 DC       		.byte	-36
 224 00c3 11       		.byte	17
 225 00c4 DD       		.byte	-35
 226 00c5 11       		.byte	17
 227 00c6 DF       		.byte	-33
 228 00c7 01       		.byte	1
ARM GAS  C:\Users\jdrd3\AppData\Local\Temp\cceupwv2.s 			page 5


 229 00c8 E0       		.byte	-32
 230 00c9 40       		.byte	64
 231 00ca E2       		.byte	-30
 232 00cb C0       		.byte	-64
 233 00cc E4       		.byte	-28
 234 00cd 40       		.byte	64
 235 00ce E5       		.byte	-27
 236 00cf 40       		.byte	64
 237 00d0 E6       		.byte	-26
 238 00d1 C0       		.byte	-64
 239 00d2 E8       		.byte	-24
 240 00d3 C0       		.byte	-64
 241 00d4 EA       		.byte	-22
 242 00d5 C0       		.byte	-64
 243 00d6 EC       		.byte	-20
 244 00d7 C0       		.byte	-64
 245 00d8 EE       		.byte	-18
 246 00d9 C0       		.byte	-64
 247 00da 00       		.byte	0
 248 00db 40       		.byte	64
 249 00dc 0A       		.byte	10
 250 00dd 40       		.byte	64
 251 00de 10       		.byte	16
 252 00df A2       		.byte	-94
 253 00e0 18       		.byte	24
 254 00e1 40       		.byte	64
 255 00e2 19       		.byte	25
 256 00e3 04       		.byte	4
 257 00e4 1B       		.byte	27
 258 00e5 60       		.byte	96
 259 00e6 21       		.byte	33
 260 00e7 08       		.byte	8
 261 00e8 22       		.byte	34
 262 00e9 50       		.byte	80
 263 00ea 23       		.byte	35
 264 00eb 40       		.byte	64
 265 00ec 30       		.byte	48
 266 00ed A0       		.byte	-96
 267 00ee 31       		.byte	49
 268 00ef 08       		.byte	8
 269 00f0 3B       		.byte	59
 270 00f1 40       		.byte	64
 271 00f2 40       		.byte	64
 272 00f3 40       		.byte	64
 273 00f4 48       		.byte	72
 274 00f5 22       		.byte	34
 275 00f6 49       		.byte	73
 276 00f7 01       		.byte	1
 277 00f8 50       		.byte	80
 278 00f9 82       		.byte	-126
 279 00fa 59       		.byte	89
 280 00fb 05       		.byte	5
 281 00fc 5A       		.byte	90
 282 00fd A0       		.byte	-96
 283 00fe 6F       		.byte	111
 284 00ff 02       		.byte	2
 285 0100 72       		.byte	114
ARM GAS  C:\Users\jdrd3\AppData\Local\Temp\cceupwv2.s 			page 6


 286 0101 40       		.byte	64
 287 0102 C0       		.byte	-64
 288 0103 01       		.byte	1
 289 0104 C2       		.byte	-62
 290 0105 08       		.byte	8
 291 0106 C4       		.byte	-60
 292 0107 0D       		.byte	13
 293 0108 CC       		.byte	-52
 294 0109 0E       		.byte	14
 295 010a CE       		.byte	-50
 296 010b 08       		.byte	8
 297 010c D0       		.byte	-48
 298 010d 01       		.byte	1
 299 010e D2       		.byte	-46
 300 010f 08       		.byte	8
 301 0110 D6       		.byte	-42
 302 0111 0F       		.byte	15
 303 0112 0D       		.byte	13
 304 0113 08       		.byte	8
 305 0114 0E       		.byte	14
 306 0115 0D       		.byte	13
 307 0116 12       		.byte	18
 308 0117 02       		.byte	2
 309 0118 15       		.byte	21
 310 0119 02       		.byte	2
 311 011a 1B       		.byte	27
 312 011b 03       		.byte	3
 313 011c 1F       		.byte	31
 314 011d 0C       		.byte	12
 315 011e 22       		.byte	34
 316 011f 08       		.byte	8
 317 0120 26       		.byte	38
 318 0121 04       		.byte	4
 319 0122 2E       		.byte	46
 320 0123 01       		.byte	1
 321 0124 30       		.byte	48
 322 0125 02       		.byte	2
 323 0126 31       		.byte	49
 324 0127 04       		.byte	4
 325 0128 32       		.byte	50
 326 0129 01       		.byte	1
 327 012a 33       		.byte	51
 328 012b 01       		.byte	1
 329 012c 34       		.byte	52
 330 012d 04       		.byte	4
 331 012e 35       		.byte	53
 332 012f 08       		.byte	8
 333 0130 36       		.byte	54
 334 0131 08       		.byte	8
 335 0132 37       		.byte	55
 336 0133 02       		.byte	2
 337 0134 3E       		.byte	62
 338 0135 04       		.byte	4
 339 0136 40       		.byte	64
 340 0137 40       		.byte	64
 341 0138 41       		.byte	65
 342 0139 05       		.byte	5
ARM GAS  C:\Users\jdrd3\AppData\Local\Temp\cceupwv2.s 			page 7


 343 013a 45       		.byte	69
 344 013b D1       		.byte	-47
 345 013c 46       		.byte	70
 346 013d 05       		.byte	5
 347 013e 47       		.byte	71
 348 013f 20       		.byte	32
 349 0140 48       		.byte	72
 350 0141 27       		.byte	39
 351 0142 49       		.byte	73
 352 0143 FF       		.byte	-1
 353 0144 4A       		.byte	74
 354 0145 FF       		.byte	-1
 355 0146 4B       		.byte	75
 356 0147 FF       		.byte	-1
 357 0148 4D       		.byte	77
 358 0149 A0       		.byte	-96
 359 014a 4F       		.byte	79
 360 014b 04       		.byte	4
 361 014c 50       		.byte	80
 362 014d 18       		.byte	24
 363 014e 52       		.byte	82
 364 014f 80       		.byte	-128
 365 0150 54       		.byte	84
 366 0151 07       		.byte	7
 367 0152 58       		.byte	88
 368 0153 04       		.byte	4
 369 0154 59       		.byte	89
 370 0155 04       		.byte	4
 371 0156 5A       		.byte	90
 372 0157 04       		.byte	4
 373 0158 5B       		.byte	91
 374 0159 04       		.byte	4
 375 015a 5C       		.byte	92
 376 015b 11       		.byte	17
 377 015c 5D       		.byte	93
 378 015d 11       		.byte	17
 379 015e 5F       		.byte	95
 380 015f 01       		.byte	1
 381 0160 60       		.byte	96
 382 0161 40       		.byte	64
 383 0162 62       		.byte	98
 384 0163 C0       		.byte	-64
 385 0164 64       		.byte	100
 386 0165 40       		.byte	64
 387 0166 65       		.byte	101
 388 0167 40       		.byte	64
 389 0168 66       		.byte	102
 390 0169 C0       		.byte	-64
 391 016a 68       		.byte	104
 392 016b C0       		.byte	-64
 393 016c 6A       		.byte	106
 394 016d C0       		.byte	-64
 395 016e 6C       		.byte	108
 396 016f C0       		.byte	-64
 397 0170 6E       		.byte	110
 398 0171 C0       		.byte	-64
 399 0172 00       		.byte	0
ARM GAS  C:\Users\jdrd3\AppData\Local\Temp\cceupwv2.s 			page 8


 400 0173 40       		.byte	64
 401 0174 0A       		.byte	10
 402 0175 40       		.byte	64
 403 0176 10       		.byte	16
 404 0177 A2       		.byte	-94
 405 0178 18       		.byte	24
 406 0179 40       		.byte	64
 407 017a 19       		.byte	25
 408 017b 04       		.byte	4
 409 017c 1A       		.byte	26
 410 017d 08       		.byte	8
 411 017e 1B       		.byte	27
 412 017f 80       		.byte	-128
 413 0180 21       		.byte	33
 414 0181 08       		.byte	8
 415 0182 22       		.byte	34
 416 0183 50       		.byte	80
 417 0184 23       		.byte	35
 418 0185 40       		.byte	64
 419 0186 30       		.byte	48
 420 0187 A0       		.byte	-96
 421 0188 31       		.byte	49
 422 0189 08       		.byte	8
 423 018a 3B       		.byte	59
 424 018b 40       		.byte	64
 425 018c 40       		.byte	64
 426 018d 40       		.byte	64
 427 018e 48       		.byte	72
 428 018f 22       		.byte	34
 429 0190 49       		.byte	73
 430 0191 01       		.byte	1
 431 0192 50       		.byte	80
 432 0193 82       		.byte	-126
 433 0194 59       		.byte	89
 434 0195 05       		.byte	5
 435 0196 5A       		.byte	90
 436 0197 A0       		.byte	-96
 437 0198 72       		.byte	114
 438 0199 40       		.byte	64
 439 019a 83       		.byte	-125
 440 019b 80       		.byte	-128
 441 019c 8A       		.byte	-118
 442 019d 04       		.byte	4
 443 019e C0       		.byte	-64
 444 019f 01       		.byte	1
 445 01a0 C2       		.byte	-62
 446 01a1 08       		.byte	8
 447 01a2 C4       		.byte	-60
 448 01a3 0D       		.byte	13
 449 01a4 CC       		.byte	-52
 450 01a5 0E       		.byte	14
 451 01a6 CE       		.byte	-50
 452 01a7 08       		.byte	8
 453 01a8 D0       		.byte	-48
 454 01a9 01       		.byte	1
 455 01aa D2       		.byte	-46
 456 01ab 08       		.byte	8
ARM GAS  C:\Users\jdrd3\AppData\Local\Temp\cceupwv2.s 			page 9


 457 01ac D6       		.byte	-42
 458 01ad 0F       		.byte	15
 459 01ae E4       		.byte	-28
 460 01af 04       		.byte	4
 461 01b0 31       		.byte	49
 462 01b1 80       		.byte	-128
 463 01b2 34       		.byte	52
 464 01b3 80       		.byte	-128
 465 01b4 CC       		.byte	-52
 466 01b5 30       		.byte	48
 467 01b6 08       		.byte	8
 468 01b7 80       		.byte	-128
 469 01b8 0D       		.byte	13
 470 01b9 80       		.byte	-128
 471 01ba 9C       		.byte	-100
 472 01bb 80       		.byte	-128
 473 01bc A5       		.byte	-91
 474 01bd 80       		.byte	-128
 475 01be C2       		.byte	-62
 476 01bf C0       		.byte	-64
 477 01c0 5B       		.byte	91
 478 01c1 02       		.byte	2
 479 01c2 A2       		.byte	-94
 480 01c3 08       		.byte	8
 481 01c4 B6       		.byte	-74
 482 01c5 08       		.byte	8
 483 01c6 D6       		.byte	-42
 484 01c7 40       		.byte	64
 485 01c8 62       		.byte	98
 486 01c9 08       		.byte	8
 487 01ca A2       		.byte	-94
 488 01cb 08       		.byte	8
 489 01cc B3       		.byte	-77
 490 01cd 02       		.byte	2
 491 01ce D8       		.byte	-40
 492 01cf 40       		.byte	64
 493 01d0 83       		.byte	-125
 494 01d1 01       		.byte	1
 495 01d2 8A       		.byte	-118
 496 01d3 02       		.byte	2
 497 01d4 E0       		.byte	-32
 498 01d5 01       		.byte	1
 499 01d6 0F       		.byte	15
 500 01d7 40       		.byte	64
 501 01d8 54       		.byte	84
 502 01d9 80       		.byte	-128
 503 01da 56       		.byte	86
 504 01db 02       		.byte	2
 505 01dc 59       		.byte	89
 506 01dd 40       		.byte	64
 507 01de 66       		.byte	102
 508 01df 01       		.byte	1
 509 01e0 67       		.byte	103
 510 01e1 02       		.byte	2
 511 01e2 93       		.byte	-109
 512 01e3 02       		.byte	2
 513 01e4 9A       		.byte	-102
ARM GAS  C:\Users\jdrd3\AppData\Local\Temp\cceupwv2.s 			page 10


 514 01e5 02       		.byte	2
 515 01e6 C2       		.byte	-62
 516 01e7 04       		.byte	4
 517 01e8 D4       		.byte	-44
 518 01e9 03       		.byte	3
 519 01ea D6       		.byte	-42
 520 01eb 05       		.byte	5
 521 01ec D8       		.byte	-40
 522 01ed 01       		.byte	1
 523 01ee 93       		.byte	-109
 524 01ef 40       		.byte	64
 525 01f0 A8       		.byte	-88
 526 01f1 80       		.byte	-128
 527 01f2 B1       		.byte	-79
 528 01f3 40       		.byte	64
 529 01f4 B6       		.byte	-74
 530 01f5 01       		.byte	1
 531 01f6 E8       		.byte	-24
 532 01f7 01       		.byte	1
 533 01f8 EC       		.byte	-20
 534 01f9 02       		.byte	2
 535 01fa B3       		.byte	-77
 536 01fb 40       		.byte	64
 537 01fc EA       		.byte	-22
 538 01fd 04       		.byte	4
 539 01fe 00       		.byte	0
 540 01ff 02       		.byte	2
 541 0200 0E       		.byte	14
 542 0201 02       		.byte	2
 543 0202 00       		.byte	0
 544 0203 0A       		.byte	10
 545 0204 E0       		.byte	-32
 546 0205 C2       		.byte	-62
 547 0206 22       		.byte	34
 548 0207 00       		.byte	0
 549 0208 00       		.byte	0
 550 0209 00       		.byte	0
 551 020a 00       		.byte	0
 552 020b 00       		.byte	0
 553 020c 00       		.byte	0
 554 020d 01       		.byte	1
 555 020e 01       		.byte	1
 556 020f 00       		.byte	0
 557 0210 00       		.byte	0
 558 0211 00       		.byte	0
 559 0212 00       		.byte	0
 560 0213 00       		.byte	0
 561 0214 00       		.byte	0
 562 0215 0F       		.byte	15
 563 0216 0F       		.byte	15
 564 0217 00       		.byte	0
 565 0218 00       		.byte	0
 566 0219 00       		.byte	0
 567 021a 00       		.byte	0
 568 021b 00       		.byte	0
 569 021c 20       		.byte	32
 570 021d 7F       		.byte	127
ARM GAS  C:\Users\jdrd3\AppData\Local\Temp\cceupwv2.s 			page 11


 571 021e 5F       		.byte	95
 572 021f 00       		.byte	0
 573 0220 5B       		.byte	91
 574 0221 00       		.byte	0
 575 0222 00       		.byte	0
 576 0223 00       		.byte	0
 577 0224 01       		.byte	1
 578 0225 00       		.byte	0
 579 0226 01       		.byte	1
 580 0227 00       		.byte	0
 581 0228 00       		.byte	0
 582 0229 00       		.byte	0
 583 022a 00       		.byte	0
 584 022b 00       		.byte	0
 585              		.section	.cywolatch,"a",%progbits
 586              		.align	2
 587              		.type	cy_meta_wonvl, %object
 588              		.size	cy_meta_wonvl, 4
 589              	cy_meta_wonvl:
 590 0000 BC       		.byte	-68
 591 0001 90       		.byte	-112
 592 0002 AC       		.byte	-84
 593 0003 AF       		.byte	-81
 594              		.section	.cycustnvl,"a",%progbits
 595              		.align	2
 596              		.type	cy_meta_custnvl, %object
 597              		.size	cy_meta_custnvl, 4
 598              	cy_meta_custnvl:
 599 0000 00       		.byte	0
 600 0001 00       		.byte	0
 601 0002 40       		.byte	64
 602 0003 05       		.byte	5
 603              		.section	.cymeta,"a",%progbits
 604              		.align	2
 605              		.type	cy_metadata, %object
 606              		.size	cy_metadata, 12
 607              	cy_metadata:
 608 0000 00       		.byte	0
 609 0001 01       		.byte	1
 610 0002 2E       		.byte	46
 611 0003 16       		.byte	22
 612 0004 10       		.byte	16
 613 0005 69       		.byte	105
 614 0006 00       		.byte	0
 615 0007 01       		.byte	1
 616 0008 00       		.byte	0
 617 0009 00       		.byte	0
 618 000a 00       		.byte	0
 619 000b 00       		.byte	0
 620              		.section	.cyflashprotect,"a",%progbits
 621              		.align	2
 622              		.type	cy_meta_flashprotect, %object
 623              		.size	cy_meta_flashprotect, 256
 624              	cy_meta_flashprotect:
 625 0000 00000000 		.space	256
 625      00000000 
 625      00000000 
ARM GAS  C:\Users\jdrd3\AppData\Local\Temp\cceupwv2.s 			page 12


 625      00000000 
 625      00000000 
 626              		.text
 627              	.Letext0:
 628              		.file 1 "c:\\program files (x86)\\cypress\\psoc creator\\4.2\\psoc creator\\import\\gnu\\arm\\5.4.
 629              		.file 2 "c:\\program files (x86)\\cypress\\psoc creator\\4.2\\psoc creator\\import\\gnu\\arm\\5.4.
 630              		.file 3 "Generated_Source\\PSoC5\\cymetadata.c"
 631              		.section	.debug_info,"",%progbits
 632              	.Ldebug_info0:
 633 0000 31010000 		.4byte	0x131
 634 0004 0400     		.2byte	0x4
 635 0006 00000000 		.4byte	.Ldebug_abbrev0
 636 000a 04       		.byte	0x4
 637 000b 01       		.uleb128 0x1
 638 000c 37000000 		.4byte	.LASF17
 639 0010 0C       		.byte	0xc
 640 0011 B8010000 		.4byte	.LASF18
 641 0015 D7000000 		.4byte	.LASF19
 642 0019 00000000 		.4byte	.Ldebug_line0
 643 001d 02       		.uleb128 0x2
 644 001e 01       		.byte	0x1
 645 001f 06       		.byte	0x6
 646 0020 AC010000 		.4byte	.LASF0
 647 0024 03       		.uleb128 0x3
 648 0025 00000000 		.4byte	.LASF9
 649 0029 01       		.byte	0x1
 650 002a 1D       		.byte	0x1d
 651 002b 2F000000 		.4byte	0x2f
 652 002f 02       		.uleb128 0x2
 653 0030 01       		.byte	0x1
 654 0031 08       		.byte	0x8
 655 0032 29000000 		.4byte	.LASF1
 656 0036 02       		.uleb128 0x2
 657 0037 02       		.byte	0x2
 658 0038 05       		.byte	0x5
 659 0039 99010000 		.4byte	.LASF2
 660 003d 02       		.uleb128 0x2
 661 003e 02       		.byte	0x2
 662 003f 07       		.byte	0x7
 663 0040 0A000000 		.4byte	.LASF3
 664 0044 02       		.uleb128 0x2
 665 0045 04       		.byte	0x4
 666 0046 05       		.byte	0x5
 667 0047 A3010000 		.4byte	.LASF4
 668 004b 02       		.uleb128 0x2
 669 004c 04       		.byte	0x4
 670 004d 07       		.byte	0x7
 671 004e C5000000 		.4byte	.LASF5
 672 0052 02       		.uleb128 0x2
 673 0053 08       		.byte	0x8
 674 0054 05       		.byte	0x5
 675 0055 8B010000 		.4byte	.LASF6
 676 0059 02       		.uleb128 0x2
 677 005a 08       		.byte	0x8
 678 005b 07       		.byte	0x7
 679 005c 40010000 		.4byte	.LASF7
 680 0060 04       		.uleb128 0x4
ARM GAS  C:\Users\jdrd3\AppData\Local\Temp\cceupwv2.s 			page 13


 681 0061 04       		.byte	0x4
 682 0062 05       		.byte	0x5
 683 0063 696E7400 		.ascii	"int\000"
 684 0067 02       		.uleb128 0x2
 685 0068 04       		.byte	0x4
 686 0069 07       		.byte	0x7
 687 006a 33010000 		.4byte	.LASF8
 688 006e 03       		.uleb128 0x3
 689 006f 57010000 		.4byte	.LASF10
 690 0073 02       		.byte	0x2
 691 0074 18       		.byte	0x18
 692 0075 24000000 		.4byte	0x24
 693 0079 05       		.uleb128 0x5
 694 007a 91000000 		.4byte	0x91
 695 007e 8A000000 		.4byte	0x8a
 696 0082 06       		.uleb128 0x6
 697 0083 8A000000 		.4byte	0x8a
 698 0087 2B02     		.2byte	0x22b
 699 0089 00       		.byte	0
 700 008a 02       		.uleb128 0x2
 701 008b 04       		.byte	0x4
 702 008c 07       		.byte	0x7
 703 008d 82010000 		.4byte	.LASF11
 704 0091 07       		.uleb128 0x7
 705 0092 6E000000 		.4byte	0x6e
 706 0096 08       		.uleb128 0x8
 707 0097 21010000 		.4byte	.LASF12
 708 009b 03       		.byte	0x3
 709 009c 1F       		.byte	0x1f
 710 009d A7000000 		.4byte	0xa7
 711 00a1 05       		.uleb128 0x5
 712 00a2 03       		.byte	0x3
 713 00a3 00000000 		.4byte	cy_meta_configecc
 714 00a7 07       		.uleb128 0x7
 715 00a8 79000000 		.4byte	0x79
 716 00ac 05       		.uleb128 0x5
 717 00ad 91000000 		.4byte	0x91
 718 00b1 BC000000 		.4byte	0xbc
 719 00b5 09       		.uleb128 0x9
 720 00b6 8A000000 		.4byte	0x8a
 721 00ba 03       		.byte	0x3
 722 00bb 00       		.byte	0
 723 00bc 08       		.uleb128 0x8
 724 00bd 11010000 		.4byte	.LASF13
 725 00c1 03       		.byte	0x3
 726 00c2 72       		.byte	0x72
 727 00c3 CD000000 		.4byte	0xcd
 728 00c7 05       		.uleb128 0x5
 729 00c8 03       		.byte	0x3
 730 00c9 00000000 		.4byte	cy_meta_custnvl
 731 00cd 07       		.uleb128 0x7
 732 00ce AC000000 		.4byte	0xac
 733 00d2 08       		.uleb128 0x8
 734 00d3 74010000 		.4byte	.LASF14
 735 00d7 03       		.byte	0x3
 736 00d8 80       		.byte	0x80
 737 00d9 E3000000 		.4byte	0xe3
ARM GAS  C:\Users\jdrd3\AppData\Local\Temp\cceupwv2.s 			page 14


 738 00dd 05       		.uleb128 0x5
 739 00de 03       		.byte	0x3
 740 00df 00000000 		.4byte	cy_meta_wonvl
 741 00e3 07       		.uleb128 0x7
 742 00e4 AC000000 		.4byte	0xac
 743 00e8 05       		.uleb128 0x5
 744 00e9 91000000 		.4byte	0x91
 745 00ed F8000000 		.4byte	0xf8
 746 00f1 09       		.uleb128 0x9
 747 00f2 8A000000 		.4byte	0x8a
 748 00f6 FF       		.byte	0xff
 749 00f7 00       		.byte	0
 750 00f8 08       		.uleb128 0x8
 751 00f9 5F010000 		.4byte	.LASF15
 752 00fd 03       		.byte	0x3
 753 00fe 8E       		.byte	0x8e
 754 00ff 09010000 		.4byte	0x109
 755 0103 05       		.uleb128 0x5
 756 0104 03       		.byte	0x3
 757 0105 00000000 		.4byte	cy_meta_flashprotect
 758 0109 07       		.uleb128 0x7
 759 010a E8000000 		.4byte	0xe8
 760 010e 05       		.uleb128 0x5
 761 010f 91000000 		.4byte	0x91
 762 0113 1E010000 		.4byte	0x11e
 763 0117 09       		.uleb128 0x9
 764 0118 8A000000 		.4byte	0x8a
 765 011c 0B       		.byte	0xb
 766 011d 00       		.byte	0
 767 011e 08       		.uleb128 0x8
 768 011f 1D000000 		.4byte	.LASF16
 769 0123 03       		.byte	0x3
 770 0124 BB       		.byte	0xbb
 771 0125 2F010000 		.4byte	0x12f
 772 0129 05       		.uleb128 0x5
 773 012a 03       		.byte	0x3
 774 012b 00000000 		.4byte	cy_metadata
 775 012f 07       		.uleb128 0x7
 776 0130 0E010000 		.4byte	0x10e
 777 0134 00       		.byte	0
 778              		.section	.debug_abbrev,"",%progbits
 779              	.Ldebug_abbrev0:
 780 0000 01       		.uleb128 0x1
 781 0001 11       		.uleb128 0x11
 782 0002 01       		.byte	0x1
 783 0003 25       		.uleb128 0x25
 784 0004 0E       		.uleb128 0xe
 785 0005 13       		.uleb128 0x13
 786 0006 0B       		.uleb128 0xb
 787 0007 03       		.uleb128 0x3
 788 0008 0E       		.uleb128 0xe
 789 0009 1B       		.uleb128 0x1b
 790 000a 0E       		.uleb128 0xe
 791 000b 10       		.uleb128 0x10
 792 000c 17       		.uleb128 0x17
 793 000d 00       		.byte	0
 794 000e 00       		.byte	0
ARM GAS  C:\Users\jdrd3\AppData\Local\Temp\cceupwv2.s 			page 15


 795 000f 02       		.uleb128 0x2
 796 0010 24       		.uleb128 0x24
 797 0011 00       		.byte	0
 798 0012 0B       		.uleb128 0xb
 799 0013 0B       		.uleb128 0xb
 800 0014 3E       		.uleb128 0x3e
 801 0015 0B       		.uleb128 0xb
 802 0016 03       		.uleb128 0x3
 803 0017 0E       		.uleb128 0xe
 804 0018 00       		.byte	0
 805 0019 00       		.byte	0
 806 001a 03       		.uleb128 0x3
 807 001b 16       		.uleb128 0x16
 808 001c 00       		.byte	0
 809 001d 03       		.uleb128 0x3
 810 001e 0E       		.uleb128 0xe
 811 001f 3A       		.uleb128 0x3a
 812 0020 0B       		.uleb128 0xb
 813 0021 3B       		.uleb128 0x3b
 814 0022 0B       		.uleb128 0xb
 815 0023 49       		.uleb128 0x49
 816 0024 13       		.uleb128 0x13
 817 0025 00       		.byte	0
 818 0026 00       		.byte	0
 819 0027 04       		.uleb128 0x4
 820 0028 24       		.uleb128 0x24
 821 0029 00       		.byte	0
 822 002a 0B       		.uleb128 0xb
 823 002b 0B       		.uleb128 0xb
 824 002c 3E       		.uleb128 0x3e
 825 002d 0B       		.uleb128 0xb
 826 002e 03       		.uleb128 0x3
 827 002f 08       		.uleb128 0x8
 828 0030 00       		.byte	0
 829 0031 00       		.byte	0
 830 0032 05       		.uleb128 0x5
 831 0033 01       		.uleb128 0x1
 832 0034 01       		.byte	0x1
 833 0035 49       		.uleb128 0x49
 834 0036 13       		.uleb128 0x13
 835 0037 01       		.uleb128 0x1
 836 0038 13       		.uleb128 0x13
 837 0039 00       		.byte	0
 838 003a 00       		.byte	0
 839 003b 06       		.uleb128 0x6
 840 003c 21       		.uleb128 0x21
 841 003d 00       		.byte	0
 842 003e 49       		.uleb128 0x49
 843 003f 13       		.uleb128 0x13
 844 0040 2F       		.uleb128 0x2f
 845 0041 05       		.uleb128 0x5
 846 0042 00       		.byte	0
 847 0043 00       		.byte	0
 848 0044 07       		.uleb128 0x7
 849 0045 26       		.uleb128 0x26
 850 0046 00       		.byte	0
 851 0047 49       		.uleb128 0x49
ARM GAS  C:\Users\jdrd3\AppData\Local\Temp\cceupwv2.s 			page 16


 852 0048 13       		.uleb128 0x13
 853 0049 00       		.byte	0
 854 004a 00       		.byte	0
 855 004b 08       		.uleb128 0x8
 856 004c 34       		.uleb128 0x34
 857 004d 00       		.byte	0
 858 004e 03       		.uleb128 0x3
 859 004f 0E       		.uleb128 0xe
 860 0050 3A       		.uleb128 0x3a
 861 0051 0B       		.uleb128 0xb
 862 0052 3B       		.uleb128 0x3b
 863 0053 0B       		.uleb128 0xb
 864 0054 49       		.uleb128 0x49
 865 0055 13       		.uleb128 0x13
 866 0056 3F       		.uleb128 0x3f
 867 0057 19       		.uleb128 0x19
 868 0058 02       		.uleb128 0x2
 869 0059 18       		.uleb128 0x18
 870 005a 00       		.byte	0
 871 005b 00       		.byte	0
 872 005c 09       		.uleb128 0x9
 873 005d 21       		.uleb128 0x21
 874 005e 00       		.byte	0
 875 005f 49       		.uleb128 0x49
 876 0060 13       		.uleb128 0x13
 877 0061 2F       		.uleb128 0x2f
 878 0062 0B       		.uleb128 0xb
 879 0063 00       		.byte	0
 880 0064 00       		.byte	0
 881 0065 00       		.byte	0
 882              		.section	.debug_aranges,"",%progbits
 883 0000 14000000 		.4byte	0x14
 884 0004 0200     		.2byte	0x2
 885 0006 00000000 		.4byte	.Ldebug_info0
 886 000a 04       		.byte	0x4
 887 000b 00       		.byte	0
 888 000c 0000     		.2byte	0
 889 000e 0000     		.2byte	0
 890 0010 00000000 		.4byte	0
 891 0014 00000000 		.4byte	0
 892              		.section	.debug_line,"",%progbits
 893              	.Ldebug_line0:
 894 0000 3D010000 		.section	.debug_str,"MS",%progbits,1
 894      02003701 
 894      00000201 
 894      FB0E0D00 
 894      01010101 
 895              	.LASF9:
 896 0000 5F5F7569 		.ascii	"__uint8_t\000"
 896      6E74385F 
 896      7400
 897              	.LASF3:
 898 000a 73686F72 		.ascii	"short unsigned int\000"
 898      7420756E 
 898      7369676E 
 898      65642069 
 898      6E7400
ARM GAS  C:\Users\jdrd3\AppData\Local\Temp\cceupwv2.s 			page 17


 899              	.LASF16:
 900 001d 63795F6D 		.ascii	"cy_metadata\000"
 900      65746164 
 900      61746100 
 901              	.LASF1:
 902 0029 756E7369 		.ascii	"unsigned char\000"
 902      676E6564 
 902      20636861 
 902      7200
 903              	.LASF17:
 904 0037 474E5520 		.ascii	"GNU C11 5.4.1 20160609 (release) [ARM/embedded-5-br"
 904      43313120 
 904      352E342E 
 904      31203230 
 904      31363036 
 905 006a 616E6368 		.ascii	"anch revision 237715] -mcpu=cortex-m3 -mthumb -g -O"
 905      20726576 
 905      6973696F 
 905      6E203233 
 905      37373135 
 906 009d 67202D66 		.ascii	"g -ffunction-sections -ffat-lto-objects\000"
 906      66756E63 
 906      74696F6E 
 906      2D736563 
 906      74696F6E 
 907              	.LASF5:
 908 00c5 6C6F6E67 		.ascii	"long unsigned int\000"
 908      20756E73 
 908      69676E65 
 908      6420696E 
 908      7400
 909              	.LASF19:
 910 00d7 433A5C55 		.ascii	"C:\\Users\\jdrd3\\Documents\\PSoC Creator\\Ejemplos"
 910      73657273 
 910      5C6A6472 
 910      64335C44 
 910      6F63756D 
 911 0105 5C53756D 		.ascii	"\\Sumo.cydsn\000"
 911      6F2E6379 
 911      64736E00 
 912              	.LASF13:
 913 0111 63795F6D 		.ascii	"cy_meta_custnvl\000"
 913      6574615F 
 913      63757374 
 913      6E766C00 
 914              	.LASF12:
 915 0121 63795F6D 		.ascii	"cy_meta_configecc\000"
 915      6574615F 
 915      636F6E66 
 915      69676563 
 915      6300
 916              	.LASF8:
 917 0133 756E7369 		.ascii	"unsigned int\000"
 917      676E6564 
 917      20696E74 
 917      00
 918              	.LASF7:
ARM GAS  C:\Users\jdrd3\AppData\Local\Temp\cceupwv2.s 			page 18


 919 0140 6C6F6E67 		.ascii	"long long unsigned int\000"
 919      206C6F6E 
 919      6720756E 
 919      7369676E 
 919      65642069 
 920              	.LASF10:
 921 0157 75696E74 		.ascii	"uint8_t\000"
 921      385F7400 
 922              	.LASF15:
 923 015f 63795F6D 		.ascii	"cy_meta_flashprotect\000"
 923      6574615F 
 923      666C6173 
 923      6870726F 
 923      74656374 
 924              	.LASF14:
 925 0174 63795F6D 		.ascii	"cy_meta_wonvl\000"
 925      6574615F 
 925      776F6E76 
 925      6C00
 926              	.LASF11:
 927 0182 73697A65 		.ascii	"sizetype\000"
 927      74797065 
 927      00
 928              	.LASF6:
 929 018b 6C6F6E67 		.ascii	"long long int\000"
 929      206C6F6E 
 929      6720696E 
 929      7400
 930              	.LASF2:
 931 0199 73686F72 		.ascii	"short int\000"
 931      7420696E 
 931      7400
 932              	.LASF4:
 933 01a3 6C6F6E67 		.ascii	"long int\000"
 933      20696E74 
 933      00
 934              	.LASF0:
 935 01ac 7369676E 		.ascii	"signed char\000"
 935      65642063 
 935      68617200 
 936              	.LASF18:
 937 01b8 47656E65 		.ascii	"Generated_Source\\PSoC5\\cymetadata.c\000"
 937      72617465 
 937      645F536F 
 937      75726365 
 937      5C50536F 
 938              		.ident	"GCC: (GNU Tools for ARM Embedded Processors) 5.4.1 20160609 (release) [ARM/embedded-5-bran
